<?xml version="1.0" encoding="utf-8" ?>
<!DOCTYPE html PUBLIC "-//W3C//DTD XHTML 1.0 Strict//EN"
        "http://www.w3.org/TR/xhtml1/DTD/xhtml1-strict.dtd">
<html xmlns="http://www.w3.org/1999/xhtml" xml:lang="" lang="">
<head>
  <title>Test Results Report - TopMenu Test</title>
  <meta http-equiv="Content-Type" content="text/html;charset=utf-8" />
  <meta name="description" content="TestNG unit test results." />
  <link href="reportng.css" rel="stylesheet" type="text/css" />
    <script type="text/javascript" src="reportng.js"></script>
</head>
<body>
<h1>TopMenu Test</h1>
<p>
  Test duration: 125.459s
</p>



  <table class="resultsTable">
    <tr><th colspan="3" class="header failed">Failed Tests</th></tr>
          <tr>
        <td colspan="3" class="group">com.tutorialsninja.demo.testsuite.DesktopsTest</td>
      </tr>
            
<tr>
  <td class="method">
                  verifyProductAddedToShoppingCartSuccessFully
      </td>
  <td class="duration">
    11.484s
  </td>
  <td class="result">
        
    
            <div class="testOutput">
                        Mouse hover and click on desktop[[ChromeDriver: chrome on windows (7967bf443d8edc61dec2735c1743f460)] -&gt; link text: Desktops]<br />
                                Click on show all desktop[[ChromeDriver: chrome on windows (7967bf443d8edc61dec2735c1743f460)] -&gt; link text: Show AllDesktops]<br />
                                Select sort by A to Z[[ChromeDriver: chrome on windows (7967bf443d8edc61dec2735c1743f460)] -&gt; id: input-sort]<br />
                                Select product[[ChromeDriver: chrome on windows (7967bf443d8edc61dec2735c1743f460)] -&gt; xpath: //a[contains(text(),&apos;HP LP3065&apos;)]]<br />
                                Get text HP[[ChromeDriver: chrome on windows (7967bf443d8edc61dec2735c1743f460)] -&gt; xpath: //h1[contains(text(),&apos;HP LP3065&apos;)]]<br />
                                Add to cart[[ChromeDriver: chrome on windows (7967bf443d8edc61dec2735c1743f460)] -&gt; id: button-cart]<br />
                                Get text Success Message[[ChromeDriver: chrome on windows (7967bf443d8edc61dec2735c1743f460)] -&gt; xpath: //div[@class=&apos;alert alert-success alert-dismissible&apos;]]<br />
                  </div>
    

        <a href="javascript:toggleElement('exception-0', 'block')" title="Click to expand/collapse"><b>java.lang.NullPointerException: Cannot invoke &quot;Object.toString()&quot; because &quot;this.shoppingCartClick&quot; is null</b></a><br />
    <div class="stackTrace" id="exception-0">
              com.tutorialsninja.demo.pages.ShoppingCartPage.shoppingCartClick(ShoppingCartPage.java:25)<br />
              com.tutorialsninja.demo.testsuite.DesktopsTest.verifyProductAddedToShoppingCartSuccessFully(DesktopsTest.java:57)<br />
              java.base/jdk.internal.reflect.NativeMethodAccessorImpl.invoke0(Native Method)<br />
              java.base/jdk.internal.reflect.NativeMethodAccessorImpl.invoke(NativeMethodAccessorImpl.java:77)<br />
              java.base/jdk.internal.reflect.DelegatingMethodAccessorImpl.invoke(DelegatingMethodAccessorImpl.java:43)<br />
              java.base/java.lang.reflect.Method.invoke(Method.java:568)<br />
              org.testng.internal.invokers.MethodInvocationHelper.invokeMethod(MethodInvocationHelper.java:139)<br />
              org.testng.internal.invokers.TestInvoker.invokeMethod(TestInvoker.java:664)<br />
              org.testng.internal.invokers.TestInvoker.invokeTestMethod(TestInvoker.java:227)<br />
              org.testng.internal.invokers.MethodRunner.runInSequence(MethodRunner.java:50)<br />
              org.testng.internal.invokers.TestInvoker$MethodInvocationAgent.invoke(TestInvoker.java:957)<br />
              org.testng.internal.invokers.TestInvoker.invokeTestMethods(TestInvoker.java:200)<br />
              org.testng.internal.invokers.TestMethodWorker.invokeTestMethods(TestMethodWorker.java:148)<br />
              org.testng.internal.invokers.TestMethodWorker.run(TestMethodWorker.java:128)<br />
              java.base/java.util.ArrayList.forEach(ArrayList.java:1511)<br />
              org.testng.TestRunner.privateRun(TestRunner.java:848)<br />
              org.testng.TestRunner.run(TestRunner.java:621)<br />
              org.testng.SuiteRunner.runTest(SuiteRunner.java:443)<br />
              org.testng.SuiteRunner.runSequentially(SuiteRunner.java:437)<br />
              org.testng.SuiteRunner.privateRun(SuiteRunner.java:397)<br />
              org.testng.SuiteRunner.run(SuiteRunner.java:336)<br />
              org.testng.SuiteRunnerWorker.runSuite(SuiteRunnerWorker.java:52)<br />
              org.testng.SuiteRunnerWorker.run(SuiteRunnerWorker.java:95)<br />
              org.testng.TestNG.runSuitesSequentially(TestNG.java:1280)<br />
              org.testng.TestNG.runSuitesLocally(TestNG.java:1200)<br />
              org.testng.TestNG.runSuites(TestNG.java:1114)<br />
              org.testng.TestNG.run(TestNG.java:1082)<br />
              com.intellij.rt.testng.IDEARemoteTestNG.run(IDEARemoteTestNG.java:66)<br />
              com.intellij.rt.testng.RemoteTestNGStarter.main(RemoteTestNGStarter.java:105)<br />
                </div>
      </td>
</tr>
          <tr>
        <td colspan="3" class="group">com.tutorialsninja.demo.testsuite.LaptopsAndNotebooksTest</td>
      </tr>
            
<tr>
  <td class="method">
                  verifyThatUserPlaceOrderSuccessfully
      </td>
  <td class="duration">
    0.000s
  </td>
  <td class="result">
        
    
        

        <a href="javascript:toggleElement('exception-1', 'block')" title="Click to expand/collapse"><b>java.lang.NullPointerException: Cannot invoke &quot;Object.toString()&quot; because &quot;this.currencyTabClick&quot; is null</b></a><br />
    <div class="stackTrace" id="exception-1">
              com.tutorialsninja.demo.pages.ShoppingCartPage.clickOnCurrencyTab(ShoppingCartPage.java:35)<br />
              com.tutorialsninja.demo.testsuite.LaptopsAndNotebooksTest.verifyThatUserPlaceOrderSuccessfully(LaptopsAndNotebooksTest.java:42)<br />
              java.base/jdk.internal.reflect.NativeMethodAccessorImpl.invoke0(Native Method)<br />
              java.base/jdk.internal.reflect.NativeMethodAccessorImpl.invoke(NativeMethodAccessorImpl.java:77)<br />
              java.base/jdk.internal.reflect.DelegatingMethodAccessorImpl.invoke(DelegatingMethodAccessorImpl.java:43)<br />
              java.base/java.lang.reflect.Method.invoke(Method.java:568)<br />
              org.testng.internal.invokers.MethodInvocationHelper.invokeMethod(MethodInvocationHelper.java:139)<br />
              org.testng.internal.invokers.TestInvoker.invokeMethod(TestInvoker.java:664)<br />
              org.testng.internal.invokers.TestInvoker.invokeTestMethod(TestInvoker.java:227)<br />
              org.testng.internal.invokers.MethodRunner.runInSequence(MethodRunner.java:50)<br />
              org.testng.internal.invokers.TestInvoker$MethodInvocationAgent.invoke(TestInvoker.java:957)<br />
              org.testng.internal.invokers.TestInvoker.invokeTestMethods(TestInvoker.java:200)<br />
              org.testng.internal.invokers.TestMethodWorker.invokeTestMethods(TestMethodWorker.java:148)<br />
              org.testng.internal.invokers.TestMethodWorker.run(TestMethodWorker.java:128)<br />
              java.base/java.util.ArrayList.forEach(ArrayList.java:1511)<br />
              org.testng.TestRunner.privateRun(TestRunner.java:848)<br />
              org.testng.TestRunner.run(TestRunner.java:621)<br />
              org.testng.SuiteRunner.runTest(SuiteRunner.java:443)<br />
              org.testng.SuiteRunner.runSequentially(SuiteRunner.java:437)<br />
              org.testng.SuiteRunner.privateRun(SuiteRunner.java:397)<br />
              org.testng.SuiteRunner.run(SuiteRunner.java:336)<br />
              org.testng.SuiteRunnerWorker.runSuite(SuiteRunnerWorker.java:52)<br />
              org.testng.SuiteRunnerWorker.run(SuiteRunnerWorker.java:95)<br />
              org.testng.TestNG.runSuitesSequentially(TestNG.java:1280)<br />
              org.testng.TestNG.runSuitesLocally(TestNG.java:1200)<br />
              org.testng.TestNG.runSuites(TestNG.java:1114)<br />
              org.testng.TestNG.run(TestNG.java:1082)<br />
              com.intellij.rt.testng.IDEARemoteTestNG.run(IDEARemoteTestNG.java:66)<br />
              com.intellij.rt.testng.RemoteTestNGStarter.main(RemoteTestNGStarter.java:105)<br />
                </div>
      </td>
</tr>
          <tr>
        <td colspan="3" class="group">com.tutorialsninja.demo.testsuite.MyAccountsTest</td>
      </tr>
            
<tr>
  <td class="method">
                  verifyThatUserRegisterAccountSuccessfully
      </td>
  <td class="duration">
    0.929s
  </td>
  <td class="result">
        
    
            <div class="testOutput">
                        Click on my account tab[[ChromeDriver: chrome on windows (27e6ebe4c8c4e66af26e4d80d002e157)] -&gt; xpath: //span[normalize-space()=&apos;My Account&apos;]]<br />
                                Select my account options[[[ChromeDriver: chrome on windows (27e6ebe4c8c4e66af26e4d80d002e157)] -&gt; xpath: //ul[@class = &apos;dropdown-menu dropdown-menu-right&apos;]//li], [[ChromeDriver: chrome on windows (27e6ebe4c8c4e66af26e4d80d002e157)] -&gt; xpath: //ul[@class = &apos;dropdown-menu dropdown-menu-right&apos;]//li]]<br />
                  </div>
    

        <a href="javascript:toggleElement('exception-2', 'block')" title="Click to expand/collapse"><b>java.lang.NullPointerException: Cannot invoke &quot;Object.toString()&quot; because &quot;this.firstName&quot; is null</b></a><br />
    <div class="stackTrace" id="exception-2">
              com.tutorialsninja.demo.pages.MyAccountRegisterPage.enterFirstName(MyAccountRegisterPage.java:68)<br />
              com.tutorialsninja.demo.testsuite.MyAccountsTest.verifyThatUserRegisterAccountSuccessfully(MyAccountsTest.java:50)<br />
              java.base/jdk.internal.reflect.NativeMethodAccessorImpl.invoke0(Native Method)<br />
              java.base/jdk.internal.reflect.NativeMethodAccessorImpl.invoke(NativeMethodAccessorImpl.java:77)<br />
              java.base/jdk.internal.reflect.DelegatingMethodAccessorImpl.invoke(DelegatingMethodAccessorImpl.java:43)<br />
              java.base/java.lang.reflect.Method.invoke(Method.java:568)<br />
              org.testng.internal.invokers.MethodInvocationHelper.invokeMethod(MethodInvocationHelper.java:139)<br />
              org.testng.internal.invokers.TestInvoker.invokeMethod(TestInvoker.java:664)<br />
              org.testng.internal.invokers.TestInvoker.invokeTestMethod(TestInvoker.java:227)<br />
              org.testng.internal.invokers.MethodRunner.runInSequence(MethodRunner.java:50)<br />
              org.testng.internal.invokers.TestInvoker$MethodInvocationAgent.invoke(TestInvoker.java:957)<br />
              org.testng.internal.invokers.TestInvoker.invokeTestMethods(TestInvoker.java:200)<br />
              org.testng.internal.invokers.TestMethodWorker.invokeTestMethods(TestMethodWorker.java:148)<br />
              org.testng.internal.invokers.TestMethodWorker.run(TestMethodWorker.java:128)<br />
              java.base/java.util.ArrayList.forEach(ArrayList.java:1511)<br />
              org.testng.TestRunner.privateRun(TestRunner.java:848)<br />
              org.testng.TestRunner.run(TestRunner.java:621)<br />
              org.testng.SuiteRunner.runTest(SuiteRunner.java:443)<br />
              org.testng.SuiteRunner.runSequentially(SuiteRunner.java:437)<br />
              org.testng.SuiteRunner.privateRun(SuiteRunner.java:397)<br />
              org.testng.SuiteRunner.run(SuiteRunner.java:336)<br />
              org.testng.SuiteRunnerWorker.runSuite(SuiteRunnerWorker.java:52)<br />
              org.testng.SuiteRunnerWorker.run(SuiteRunnerWorker.java:95)<br />
              org.testng.TestNG.runSuitesSequentially(TestNG.java:1280)<br />
              org.testng.TestNG.runSuitesLocally(TestNG.java:1200)<br />
              org.testng.TestNG.runSuites(TestNG.java:1114)<br />
              org.testng.TestNG.run(TestNG.java:1082)<br />
              com.intellij.rt.testng.IDEARemoteTestNG.run(IDEARemoteTestNG.java:66)<br />
              com.intellij.rt.testng.RemoteTestNGStarter.main(RemoteTestNGStarter.java:105)<br />
                </div>
      </td>
</tr>
<tr>
  <td class="method">
                  verifyThatUserShouldLoginAndLogoutSuccessfully
      </td>
  <td class="duration">
    2.248s
  </td>
  <td class="result">
        
    
            <div class="testOutput">
                        Click on my account tab[[ChromeDriver: chrome on windows (251d1290179785a19482b5cc936a148c)] -&gt; xpath: //span[normalize-space()=&apos;My Account&apos;]]<br />
                                Select my account options[[[ChromeDriver: chrome on windows (251d1290179785a19482b5cc936a148c)] -&gt; xpath: //ul[@class = &apos;dropdown-menu dropdown-menu-right&apos;]//li], [[ChromeDriver: chrome on windows (251d1290179785a19482b5cc936a148c)] -&gt; xpath: //ul[@class = &apos;dropdown-menu dropdown-menu-right&apos;]//li]]<br />
                                Enter email[[ChromeDriver: chrome on windows (251d1290179785a19482b5cc936a148c)] -&gt; id: input-email]<br />
                                Enter password[[ChromeDriver: chrome on windows (251d1290179785a19482b5cc936a148c)] -&gt; name: password]<br />
                                Click on login button[[ChromeDriver: chrome on windows (251d1290179785a19482b5cc936a148c)] -&gt; xpath: //input[@value=&apos;Login&apos;]]<br />
                                Get Text My account[[ChromeDriver: chrome on windows (251d1290179785a19482b5cc936a148c)] -&gt; xpath: //h2[contains(text(),&apos;My Account&apos;)]]<br />
                                Select my account options[[[ChromeDriver: chrome on windows (251d1290179785a19482b5cc936a148c)] -&gt; xpath: //ul[@class = &apos;dropdown-menu dropdown-menu-right&apos;]//li], [[ChromeDriver: chrome on windows (251d1290179785a19482b5cc936a148c)] -&gt; xpath: //ul[@class = &apos;dropdown-menu dropdown-menu-right&apos;]//li]]<br />
                  </div>
    

        <a href="javascript:toggleElement('exception-3', 'block')" title="Click to expand/collapse"><b>java.lang.NullPointerException: Cannot invoke &quot;Object.toString()&quot; because &quot;this.accountLogoutText&quot; is null</b></a><br />
    <div class="stackTrace" id="exception-3">
              com.tutorialsninja.demo.pages.MyAccountRegisterPage.getAccountLogoutText(MyAccountRegisterPage.java:156)<br />
              com.tutorialsninja.demo.testsuite.MyAccountsTest.verifyThatUserShouldLoginAndLogoutSuccessfully(MyAccountsTest.java:99)<br />
              java.base/jdk.internal.reflect.NativeMethodAccessorImpl.invoke0(Native Method)<br />
              java.base/jdk.internal.reflect.NativeMethodAccessorImpl.invoke(NativeMethodAccessorImpl.java:77)<br />
              java.base/jdk.internal.reflect.DelegatingMethodAccessorImpl.invoke(DelegatingMethodAccessorImpl.java:43)<br />
              java.base/java.lang.reflect.Method.invoke(Method.java:568)<br />
              org.testng.internal.invokers.MethodInvocationHelper.invokeMethod(MethodInvocationHelper.java:139)<br />
              org.testng.internal.invokers.TestInvoker.invokeMethod(TestInvoker.java:664)<br />
              org.testng.internal.invokers.TestInvoker.invokeTestMethod(TestInvoker.java:227)<br />
              org.testng.internal.invokers.MethodRunner.runInSequence(MethodRunner.java:50)<br />
              org.testng.internal.invokers.TestInvoker$MethodInvocationAgent.invoke(TestInvoker.java:957)<br />
              org.testng.internal.invokers.TestInvoker.invokeTestMethods(TestInvoker.java:200)<br />
              org.testng.internal.invokers.TestMethodWorker.invokeTestMethods(TestMethodWorker.java:148)<br />
              org.testng.internal.invokers.TestMethodWorker.run(TestMethodWorker.java:128)<br />
              java.base/java.util.ArrayList.forEach(ArrayList.java:1511)<br />
              org.testng.TestRunner.privateRun(TestRunner.java:848)<br />
              org.testng.TestRunner.run(TestRunner.java:621)<br />
              org.testng.SuiteRunner.runTest(SuiteRunner.java:443)<br />
              org.testng.SuiteRunner.runSequentially(SuiteRunner.java:437)<br />
              org.testng.SuiteRunner.privateRun(SuiteRunner.java:397)<br />
              org.testng.SuiteRunner.run(SuiteRunner.java:336)<br />
              org.testng.SuiteRunnerWorker.runSuite(SuiteRunnerWorker.java:52)<br />
              org.testng.SuiteRunnerWorker.run(SuiteRunnerWorker.java:95)<br />
              org.testng.TestNG.runSuitesSequentially(TestNG.java:1280)<br />
              org.testng.TestNG.runSuitesLocally(TestNG.java:1200)<br />
              org.testng.TestNG.runSuites(TestNG.java:1114)<br />
              org.testng.TestNG.run(TestNG.java:1082)<br />
              com.intellij.rt.testng.IDEARemoteTestNG.run(IDEARemoteTestNG.java:66)<br />
              com.intellij.rt.testng.RemoteTestNGStarter.main(RemoteTestNGStarter.java:105)<br />
                </div>
      </td>
</tr>
      </table>


  <table class="resultsTable">
    <tr><th colspan="3" class="header passed">Passed Tests</th></tr>
          <tr>
        <td colspan="3" class="group">com.tutorialsninja.demo.testsuite.DesktopsTest</td>
      </tr>
            
<tr>
  <td class="method">
                  verifyProductArrangeInAlphaBaticalOrder
      </td>
  <td class="duration">
    1.295s
  </td>
  <td class="result">
        
    
            <div class="testOutput">
                        Mouse hover and click on desktop[[ChromeDriver: chrome on windows (ec9f7c1f6708d55791b38ad8e384ab01)] -&gt; link text: Desktops]<br />
                                Click on show all desktop[[ChromeDriver: chrome on windows (ec9f7c1f6708d55791b38ad8e384ab01)] -&gt; link text: Show AllDesktops]<br />
                                Select sort by Z to A[[ChromeDriver: chrome on windows (ec9f7c1f6708d55791b38ad8e384ab01)] -&gt; id: input-sort]<br />
                  </div>
    

      </td>
</tr>
          <tr>
        <td colspan="3" class="group">com.tutorialsninja.demo.testsuite.LaptopsAndNotebooksTest</td>
      </tr>
            
<tr>
  <td class="method">
                  verifyProductsPriceDisplayHighToLowSuccessfully
      </td>
  <td class="duration">
    1.332s
  </td>
  <td class="result">
        
    
            <div class="testOutput">
                        Mouse hover and click on Laptop and Notebooks[[ChromeDriver: chrome on windows (be9b609162ae7d9f93f1626e5b6e7084)] -&gt; link text: Laptops &amp; Notebooks]<br />
                                Click on show all laptop and notebooks[[ChromeDriver: chrome on windows (be9b609162ae7d9f93f1626e5b6e7084)] -&gt; link text: Show AllLaptops &amp; Notebooks]<br />
                                Original product list[[[ChromeDriver: chrome on windows (be9b609162ae7d9f93f1626e5b6e7084)] -&gt; xpath: //p[@class =&apos;price&apos;]], [[ChromeDriver: chrome on windows (be9b609162ae7d9f93f1626e5b6e7084)] -&gt; xpath: //p[@class =&apos;price&apos;]], [[ChromeDriver: chrome on windows (be9b609162ae7d9f93f1626e5b6e7084)] -&gt; xpath: //p[@class =&apos;price&apos;]], [[ChromeDriver: chrome on windows (be9b609162ae7d9f93f1626e5b6e7084)] -&gt; xpath: //p[@class =&apos;price&apos;]], [[ChromeDriver: chrome on windows (be9b609162ae7d9f93f1626e5b6e7084)] -&gt; xpath: //p[@class =&apos;price&apos;]]]<br />
                                Product Sort by High low price[[ChromeDriver: chrome on windows (be9b609162ae7d9f93f1626e5b6e7084)] -&gt; id: input-sort]<br />
                                After sort by price[[[ChromeDriver: chrome on windows (be9b609162ae7d9f93f1626e5b6e7084)] -&gt; xpath: //p[@class =&apos;price&apos;]], [[ChromeDriver: chrome on windows (be9b609162ae7d9f93f1626e5b6e7084)] -&gt; xpath: //p[@class =&apos;price&apos;]], [[ChromeDriver: chrome on windows (be9b609162ae7d9f93f1626e5b6e7084)] -&gt; xpath: //p[@class =&apos;price&apos;]], [[ChromeDriver: chrome on windows (be9b609162ae7d9f93f1626e5b6e7084)] -&gt; xpath: //p[@class =&apos;price&apos;]], [[ChromeDriver: chrome on windows (be9b609162ae7d9f93f1626e5b6e7084)] -&gt; xpath: //p[@class =&apos;price&apos;]]]<br />
                  </div>
    

      </td>
</tr>
          <tr>
        <td colspan="3" class="group">com.tutorialsninja.demo.testsuite.MyAccountsTest</td>
      </tr>
            
<tr>
  <td class="method">
                  verifyUserShouldNavigateToLoginPageSuccessfully
      </td>
  <td class="duration">
    0.722s
  </td>
  <td class="result">
        
    
            <div class="testOutput">
                        Click on my account tab[[ChromeDriver: chrome on windows (660d1bed011d94a4d37e6f14e5086eb7)] -&gt; xpath: //span[normalize-space()=&apos;My Account&apos;]]<br />
                                Select my account options[[[ChromeDriver: chrome on windows (660d1bed011d94a4d37e6f14e5086eb7)] -&gt; xpath: //ul[@class = &apos;dropdown-menu dropdown-menu-right&apos;]//li], [[ChromeDriver: chrome on windows (660d1bed011d94a4d37e6f14e5086eb7)] -&gt; xpath: //ul[@class = &apos;dropdown-menu dropdown-menu-right&apos;]//li]]<br />
                                Get Text Return customer[[ChromeDriver: chrome on windows (660d1bed011d94a4d37e6f14e5086eb7)] -&gt; xpath: //h2[normalize-space()=&apos;Returning Customer&apos;]]<br />
                  </div>
    

      </td>
</tr>
<tr>
  <td class="method">
                  verifyUserShouldNavigateToRegisterPageSuccessfully
      </td>
  <td class="duration">
    0.950s
  </td>
  <td class="result">
        
    
            <div class="testOutput">
                        Click on my account tab[[ChromeDriver: chrome on windows (136bbb832c1b88ec7e1781f7c28fd369)] -&gt; xpath: //span[normalize-space()=&apos;My Account&apos;]]<br />
                                Select my account options[[[ChromeDriver: chrome on windows (136bbb832c1b88ec7e1781f7c28fd369)] -&gt; xpath: //ul[@class = &apos;dropdown-menu dropdown-menu-right&apos;]//li], [[ChromeDriver: chrome on windows (136bbb832c1b88ec7e1781f7c28fd369)] -&gt; xpath: //ul[@class = &apos;dropdown-menu dropdown-menu-right&apos;]//li]]<br />
                                Get Text Register account[[ChromeDriver: chrome on windows (136bbb832c1b88ec7e1781f7c28fd369)] -&gt; xpath: //h1[normalize-space()=&apos;Register Account&apos;]]<br />
                  </div>
    

      </td>
</tr>
          <tr>
        <td colspan="3" class="group">com.tutorialsninja.demo.testsuite.TopMenuTest</td>
      </tr>
            
<tr>
  <td class="method">
                  verifyUserShouldNavigateToComponentsPageSuccessfully
      </td>
  <td class="duration">
    20.964s
  </td>
  <td class="result">
        
    
            <div class="testOutput">
                        Mouse hover and click on Components[[ChromeDriver: chrome on windows (6055717cceef38ef115b199719f52f65)] -&gt; link text: Components]<br />
                                Select from top menu[]<br />
                                Get Text Components[[ChromeDriver: chrome on windows (6055717cceef38ef115b199719f52f65)] -&gt; xpath: //h2[contains(text(),&apos;Components&apos;)]]<br />
                  </div>
    

      </td>
</tr>
<tr>
  <td class="method">
                  verifyUserShouldNavigateToDesktopsPageSuccessfully
      </td>
  <td class="duration">
    21.009s
  </td>
  <td class="result">
        
    
            <div class="testOutput">
                        Mouse hover and click on desktop[[ChromeDriver: chrome on windows (6b4d9ceedb20c5b4075fafb5e59bf825)] -&gt; link text: Desktops]<br />
                                Select from top menu[]<br />
                                Get Text Desktop[[ChromeDriver: chrome on windows (6b4d9ceedb20c5b4075fafb5e59bf825)] -&gt; xpath: //h2[contains(text(),&apos;Desktops&apos;)]]<br />
                  </div>
    

      </td>
</tr>
<tr>
  <td class="method">
                  verifyUserShouldNavigateToLaptopsAndNotebooksPageSuccessfully
      </td>
  <td class="duration">
    20.863s
  </td>
  <td class="result">
        
    
            <div class="testOutput">
                        Mouse hover and click on Laptop and Notebooks[[ChromeDriver: chrome on windows (f14e0aa92f2448f098dfcb36a8cf8073)] -&gt; link text: Laptops &amp; Notebooks]<br />
                                Select from top menu[]<br />
                                Get Text Laptop and Notebooks[[ChromeDriver: chrome on windows (f14e0aa92f2448f098dfcb36a8cf8073)] -&gt; xpath: //h2[contains(text(),&apos;Laptops &amp; Notebooks&apos;)]]<br />
                  </div>
    

      </td>
</tr>
      </table>
  
</body>
</html>
